<?xml version="1.0" encoding="UTF-8"?>
<coverage generated="1527786618">
  <project timestamp="1527786618">
    <package name="PHPValueObjects\Money">
      <file name="/var/www/packages/PHPValueObjects/src/Money/Money.php">
        <class name="PHPValueObjects\Money\Money" namespace="PHPValueObjects\Money">
          <metrics complexity="9" methods="8" coveredmethods="6" conditionals="0" coveredconditionals="0" statements="12" coveredstatements="10" elements="20" coveredelements="16"/>
        </class>
        <line num="14" type="method" name="__construct" visibility="private" complexity="1" crap="1" count="4"/>
        <line num="16" type="stmt" count="4"/>
        <line num="17" type="stmt" count="4"/>
        <line num="18" type="stmt" count="4"/>
        <line num="27" type="method" name="fromString" visibility="public" complexity="1" crap="1" count="4"/>
        <line num="29" type="stmt" count="4"/>
        <line num="37" type="method" name="__toString" visibility="public" complexity="1" crap="2.00" count="0"/>
        <line num="39" type="stmt" count="0"/>
        <line num="47" type="method" name="getAmount" visibility="private" complexity="1" crap="1" count="4"/>
        <line num="49" type="stmt" count="4"/>
        <line num="57" type="method" name="getCurrency" visibility="private" complexity="1" crap="1" count="3"/>
        <line num="59" type="stmt" count="3"/>
        <line num="69" type="method" name="add" visibility="public" complexity="2" crap="2.15" count="2"/>
        <line num="71" type="stmt" count="2"/>
        <line num="72" type="stmt" count="0"/>
        <line num="74" type="stmt" count="2"/>
        <line num="83" type="method" name="equals" visibility="public" complexity="1" crap="1" count="1"/>
        <line num="85" type="stmt" count="1"/>
        <line num="95" type="method" name="__callStatic" visibility="public" complexity="1" crap="1" count="1"/>
        <line num="97" type="stmt" count="1"/>
        <metrics loc="99" ncloc="52" classes="1" methods="8" coveredmethods="6" conditionals="0" coveredconditionals="0" statements="12" coveredstatements="10" elements="20" coveredelements="16"/>
      </file>
    </package>
    <file name="/var/www/packages/PHPValueObjects/src/Money/test/MoneyTest.php">
      <class name="MoneyTest" namespace="global">
        <metrics complexity="4" methods="4" coveredmethods="4" conditionals="0" coveredconditionals="0" statements="28" coveredstatements="28" elements="32" coveredelements="32"/>
      </class>
      <line num="13" type="method" name="testMoneyCanBeCreatedFromString" visibility="public" complexity="1" crap="1" count="1"/>
      <line num="15" type="stmt" count="1"/>
      <line num="17" type="stmt" count="1"/>
      <line num="18" type="stmt" count="1"/>
      <line num="19" type="stmt" count="1"/>
      <line num="20" type="stmt" count="1"/>
      <line num="22" type="stmt" count="1"/>
      <line num="23" type="stmt" count="1"/>
      <line num="28" type="method" name="testMoneyAmountIsEqual" visibility="public" complexity="1" crap="1" count="1"/>
      <line num="30" type="stmt" count="1"/>
      <line num="31" type="stmt" count="1"/>
      <line num="33" type="stmt" count="1"/>
      <line num="34" type="stmt" count="1"/>
      <line num="41" type="method" name="testMoneyCanBeSubtracted" visibility="public" complexity="1" crap="1" count="1"/>
      <line num="43" type="stmt" count="1"/>
      <line num="44" type="stmt" count="1"/>
      <line num="45" type="stmt" count="1"/>
      <line num="47" type="stmt" count="1"/>
      <line num="48" type="stmt" count="1"/>
      <line num="49" type="stmt" count="1"/>
      <line num="50" type="stmt" count="1"/>
      <line num="52" type="stmt" count="1"/>
      <line num="53" type="stmt" count="1"/>
      <line num="60" type="method" name="testMoneyAndCurrencyCanBeCreatedStatically" visibility="public" complexity="1" crap="1" count="1"/>
      <line num="62" type="stmt" count="1"/>
      <line num="63" type="stmt" count="1"/>
      <line num="65" type="stmt" count="1"/>
      <line num="66" type="stmt" count="1"/>
      <line num="67" type="stmt" count="1"/>
      <line num="68" type="stmt" count="1"/>
      <line num="70" type="stmt" count="1"/>
      <line num="71" type="stmt" count="1"/>
      <metrics loc="72" ncloc="54" classes="1" methods="4" coveredmethods="4" conditionals="0" coveredconditionals="0" statements="28" coveredstatements="28" elements="32" coveredelements="32"/>
    </file>
    <metrics files="2" loc="171" ncloc="106" classes="2" methods="12" coveredmethods="10" conditionals="0" coveredconditionals="0" statements="40" coveredstatements="38" elements="52" coveredelements="48"/>
  </project>
</coverage>
